2025-02-20 03:09:01,347 - INFO - Starting Flower server with arguments: Namespace(server_address='0.0.0.0:8080', rounds=3, sample_fraction=1.0, min_num_clients=2)
2025-02-20 03:09:01,347 - WARNING - DEPRECATED FEATURE: flwr.server.start_server() is deprecated.
	Instead, use the `flower-superlink` CLI command to start a SuperLink as shown below:

		$ flower-superlink --insecure

	To view usage and all available options, run:

		$ flower-superlink --help

	Using `start_server()` is deprecated.

            This is a deprecated feature. It will be removed
            entirely in future versions of Flower.
        
2025-02-20 03:09:01,348 - INFO - Starting Flower server, config: num_rounds=3, no round_timeout
2025-02-20 03:09:01,364 - INFO - Flower ECE: gRPC server running (3 rounds), SSL is disabled
2025-02-20 03:09:01,364 - INFO - [INIT]
2025-02-20 03:09:01,365 - INFO - Requesting initial parameters from one random client
2025-02-20 03:10:49,549 - INFO - Received initial parameters from one random client
2025-02-20 03:10:49,552 - INFO - Starting evaluation of initial global parameters
2025-02-20 03:10:49,552 - INFO - Evaluation returned no results (`None`)
2025-02-20 03:10:49,552 - INFO - 
2025-02-20 03:10:49,552 - INFO - [ROUND 1]
2025-02-20 03:10:49,556 - INFO - configure_fit: strategy sampled 2 clients (out of 2)
2025-02-20 03:12:32,062 - ERROR - Exception iterating responses: 
Traceback (most recent call last):
  File "/Users/ritvikasonawane/miniconda3/envs/flowerfl/lib/python3.10/site-packages/grpc/_server.py", line 654, in _take_response_from_response_iterator
    return next(response_iterator), True
  File "/Users/ritvikasonawane/miniconda3/envs/flowerfl/lib/python3.10/site-packages/flwr/server/superlink/fleet/grpc_bidi/flower_service_servicer.py", line 119, in Join
    ins_wrapper: InsWrapper = next(ins_wrapper_iterator)
  File "/Users/ritvikasonawane/miniconda3/envs/flowerfl/lib/python3.10/site-packages/flwr/server/superlink/fleet/grpc_bidi/grpc_bridge.py", line 166, in ins_wrapper_iterator
    self._raise_if_closed()
  File "/Users/ritvikasonawane/miniconda3/envs/flowerfl/lib/python3.10/site-packages/flwr/server/superlink/fleet/grpc_bidi/grpc_bridge.py", line 82, in _raise_if_closed
    raise GrpcBridgeClosed()
flwr.server.superlink.fleet.grpc_bidi.grpc_bridge.GrpcBridgeClosed
2025-02-20 03:12:51,938 - ERROR - Exception iterating responses: 
Traceback (most recent call last):
  File "/Users/ritvikasonawane/miniconda3/envs/flowerfl/lib/python3.10/site-packages/grpc/_server.py", line 654, in _take_response_from_response_iterator
    return next(response_iterator), True
  File "/Users/ritvikasonawane/miniconda3/envs/flowerfl/lib/python3.10/site-packages/flwr/server/superlink/fleet/grpc_bidi/flower_service_servicer.py", line 119, in Join
    ins_wrapper: InsWrapper = next(ins_wrapper_iterator)
  File "/Users/ritvikasonawane/miniconda3/envs/flowerfl/lib/python3.10/site-packages/flwr/server/superlink/fleet/grpc_bidi/grpc_bridge.py", line 166, in ins_wrapper_iterator
    self._raise_if_closed()
  File "/Users/ritvikasonawane/miniconda3/envs/flowerfl/lib/python3.10/site-packages/flwr/server/superlink/fleet/grpc_bidi/grpc_bridge.py", line 82, in _raise_if_closed
    raise GrpcBridgeClosed()
flwr.server.superlink.fleet.grpc_bidi.grpc_bridge.GrpcBridgeClosed
2025-02-20 03:12:54,915 - ERROR - Exception iterating responses: 
Traceback (most recent call last):
  File "/Users/ritvikasonawane/miniconda3/envs/flowerfl/lib/python3.10/site-packages/grpc/_server.py", line 654, in _take_response_from_response_iterator
    return next(response_iterator), True
  File "/Users/ritvikasonawane/miniconda3/envs/flowerfl/lib/python3.10/site-packages/flwr/server/superlink/fleet/grpc_bidi/flower_service_servicer.py", line 119, in Join
    ins_wrapper: InsWrapper = next(ins_wrapper_iterator)
  File "/Users/ritvikasonawane/miniconda3/envs/flowerfl/lib/python3.10/site-packages/flwr/server/superlink/fleet/grpc_bidi/grpc_bridge.py", line 166, in ins_wrapper_iterator
    self._raise_if_closed()
  File "/Users/ritvikasonawane/miniconda3/envs/flowerfl/lib/python3.10/site-packages/flwr/server/superlink/fleet/grpc_bidi/grpc_bridge.py", line 82, in _raise_if_closed
    raise GrpcBridgeClosed()
flwr.server.superlink.fleet.grpc_bidi.grpc_bridge.GrpcBridgeClosed
2025-02-20 03:12:57,793 - ERROR - Exception iterating responses: 
Traceback (most recent call last):
  File "/Users/ritvikasonawane/miniconda3/envs/flowerfl/lib/python3.10/site-packages/grpc/_server.py", line 654, in _take_response_from_response_iterator
    return next(response_iterator), True
  File "/Users/ritvikasonawane/miniconda3/envs/flowerfl/lib/python3.10/site-packages/flwr/server/superlink/fleet/grpc_bidi/flower_service_servicer.py", line 119, in Join
    ins_wrapper: InsWrapper = next(ins_wrapper_iterator)
  File "/Users/ritvikasonawane/miniconda3/envs/flowerfl/lib/python3.10/site-packages/flwr/server/superlink/fleet/grpc_bidi/grpc_bridge.py", line 166, in ins_wrapper_iterator
    self._raise_if_closed()
  File "/Users/ritvikasonawane/miniconda3/envs/flowerfl/lib/python3.10/site-packages/flwr/server/superlink/fleet/grpc_bidi/grpc_bridge.py", line 82, in _raise_if_closed
    raise GrpcBridgeClosed()
flwr.server.superlink.fleet.grpc_bidi.grpc_bridge.GrpcBridgeClosed
2025-02-20 03:13:00,571 - ERROR - Exception iterating responses: 
Traceback (most recent call last):
  File "/Users/ritvikasonawane/miniconda3/envs/flowerfl/lib/python3.10/site-packages/grpc/_server.py", line 654, in _take_response_from_response_iterator
    return next(response_iterator), True
  File "/Users/ritvikasonawane/miniconda3/envs/flowerfl/lib/python3.10/site-packages/flwr/server/superlink/fleet/grpc_bidi/flower_service_servicer.py", line 119, in Join
    ins_wrapper: InsWrapper = next(ins_wrapper_iterator)
  File "/Users/ritvikasonawane/miniconda3/envs/flowerfl/lib/python3.10/site-packages/flwr/server/superlink/fleet/grpc_bidi/grpc_bridge.py", line 166, in ins_wrapper_iterator
    self._raise_if_closed()
  File "/Users/ritvikasonawane/miniconda3/envs/flowerfl/lib/python3.10/site-packages/flwr/server/superlink/fleet/grpc_bidi/grpc_bridge.py", line 82, in _raise_if_closed
    raise GrpcBridgeClosed()
flwr.server.superlink.fleet.grpc_bidi.grpc_bridge.GrpcBridgeClosed
2025-02-20 03:13:03,231 - ERROR - Exception iterating responses: 
Traceback (most recent call last):
  File "/Users/ritvikasonawane/miniconda3/envs/flowerfl/lib/python3.10/site-packages/grpc/_server.py", line 654, in _take_response_from_response_iterator
    return next(response_iterator), True
  File "/Users/ritvikasonawane/miniconda3/envs/flowerfl/lib/python3.10/site-packages/flwr/server/superlink/fleet/grpc_bidi/flower_service_servicer.py", line 119, in Join
    ins_wrapper: InsWrapper = next(ins_wrapper_iterator)
  File "/Users/ritvikasonawane/miniconda3/envs/flowerfl/lib/python3.10/site-packages/flwr/server/superlink/fleet/grpc_bidi/grpc_bridge.py", line 166, in ins_wrapper_iterator
    self._raise_if_closed()
  File "/Users/ritvikasonawane/miniconda3/envs/flowerfl/lib/python3.10/site-packages/flwr/server/superlink/fleet/grpc_bidi/grpc_bridge.py", line 82, in _raise_if_closed
    raise GrpcBridgeClosed()
flwr.server.superlink.fleet.grpc_bidi.grpc_bridge.GrpcBridgeClosed
2025-02-20 03:13:06,155 - ERROR - Exception iterating responses: 
Traceback (most recent call last):
  File "/Users/ritvikasonawane/miniconda3/envs/flowerfl/lib/python3.10/site-packages/grpc/_server.py", line 654, in _take_response_from_response_iterator
    return next(response_iterator), True
  File "/Users/ritvikasonawane/miniconda3/envs/flowerfl/lib/python3.10/site-packages/flwr/server/superlink/fleet/grpc_bidi/flower_service_servicer.py", line 119, in Join
    ins_wrapper: InsWrapper = next(ins_wrapper_iterator)
  File "/Users/ritvikasonawane/miniconda3/envs/flowerfl/lib/python3.10/site-packages/flwr/server/superlink/fleet/grpc_bidi/grpc_bridge.py", line 166, in ins_wrapper_iterator
    self._raise_if_closed()
  File "/Users/ritvikasonawane/miniconda3/envs/flowerfl/lib/python3.10/site-packages/flwr/server/superlink/fleet/grpc_bidi/grpc_bridge.py", line 82, in _raise_if_closed
    raise GrpcBridgeClosed()
flwr.server.superlink.fleet.grpc_bidi.grpc_bridge.GrpcBridgeClosed
2025-02-20 03:13:08,689 - ERROR - Exception iterating responses: 
Traceback (most recent call last):
  File "/Users/ritvikasonawane/miniconda3/envs/flowerfl/lib/python3.10/site-packages/grpc/_server.py", line 654, in _take_response_from_response_iterator
    return next(response_iterator), True
  File "/Users/ritvikasonawane/miniconda3/envs/flowerfl/lib/python3.10/site-packages/flwr/server/superlink/fleet/grpc_bidi/flower_service_servicer.py", line 119, in Join
    ins_wrapper: InsWrapper = next(ins_wrapper_iterator)
  File "/Users/ritvikasonawane/miniconda3/envs/flowerfl/lib/python3.10/site-packages/flwr/server/superlink/fleet/grpc_bidi/grpc_bridge.py", line 166, in ins_wrapper_iterator
    self._raise_if_closed()
  File "/Users/ritvikasonawane/miniconda3/envs/flowerfl/lib/python3.10/site-packages/flwr/server/superlink/fleet/grpc_bidi/grpc_bridge.py", line 82, in _raise_if_closed
    raise GrpcBridgeClosed()
flwr.server.superlink.fleet.grpc_bidi.grpc_bridge.GrpcBridgeClosed
2025-02-20 03:13:11,387 - ERROR - Exception iterating responses: 
Traceback (most recent call last):
  File "/Users/ritvikasonawane/miniconda3/envs/flowerfl/lib/python3.10/site-packages/grpc/_server.py", line 654, in _take_response_from_response_iterator
    return next(response_iterator), True
  File "/Users/ritvikasonawane/miniconda3/envs/flowerfl/lib/python3.10/site-packages/flwr/server/superlink/fleet/grpc_bidi/flower_service_servicer.py", line 119, in Join
    ins_wrapper: InsWrapper = next(ins_wrapper_iterator)
  File "/Users/ritvikasonawane/miniconda3/envs/flowerfl/lib/python3.10/site-packages/flwr/server/superlink/fleet/grpc_bidi/grpc_bridge.py", line 166, in ins_wrapper_iterator
    self._raise_if_closed()
  File "/Users/ritvikasonawane/miniconda3/envs/flowerfl/lib/python3.10/site-packages/flwr/server/superlink/fleet/grpc_bidi/grpc_bridge.py", line 82, in _raise_if_closed
    raise GrpcBridgeClosed()
flwr.server.superlink.fleet.grpc_bidi.grpc_bridge.GrpcBridgeClosed
2025-02-20 03:13:17,326 - INFO - aggregate_fit: received 0 results and 2 failures
2025-02-20 03:13:39,973 - INFO - Flower server terminated gracefully.
