2025-02-13 15:26:54,976 - INFO - Starting Flower server with arguments: Namespace(server_address='0.0.0.0:8080', rounds=3, sample_fraction=1.0, min_num_clients=2)
2025-02-13 15:26:54,976 - WARNING - DEPRECATED FEATURE: flwr.server.start_server() is deprecated.
	Instead, use the `flower-superlink` CLI command to start a SuperLink as shown below:

		$ flower-superlink --insecure

	To view usage and all available options, run:

		$ flower-superlink --help

	Using `start_server()` is deprecated.

            This is a deprecated feature. It will be removed
            entirely in future versions of Flower.
        
2025-02-13 15:26:54,977 - INFO - Starting Flower server, config: num_rounds=3, no round_timeout
2025-02-13 15:26:54,988 - INFO - Flower ECE: gRPC server running (3 rounds), SSL is disabled
2025-02-13 15:26:54,989 - INFO - [INIT]
2025-02-13 15:26:54,989 - INFO - Requesting initial parameters from one random client
2025-02-13 15:27:13,011 - INFO - Received initial parameters from one random client
2025-02-13 15:27:13,011 - INFO - Starting evaluation of initial global parameters
2025-02-13 15:27:13,012 - INFO - Evaluation returned no results (`None`)
2025-02-13 15:27:13,012 - INFO - 
2025-02-13 15:27:13,012 - INFO - [ROUND 1]
2025-02-13 15:27:13,979 - INFO - configure_fit: strategy sampled 2 clients (out of 2)
2025-02-13 15:27:14,006 - INFO - aggregate_fit: received 0 results and 2 failures
2025-02-13 15:27:56,504 - ERROR - Exception iterating responses: 
Traceback (most recent call last):
  File "/Users/ritvikasonawane/miniconda3/envs/flowerfl/lib/python3.10/site-packages/grpc/_server.py", line 654, in _take_response_from_response_iterator
    return next(response_iterator), True
  File "/Users/ritvikasonawane/miniconda3/envs/flowerfl/lib/python3.10/site-packages/flwr/server/superlink/fleet/grpc_bidi/flower_service_servicer.py", line 119, in Join
    ins_wrapper: InsWrapper = next(ins_wrapper_iterator)
  File "/Users/ritvikasonawane/miniconda3/envs/flowerfl/lib/python3.10/site-packages/flwr/server/superlink/fleet/grpc_bidi/grpc_bridge.py", line 166, in ins_wrapper_iterator
    self._raise_if_closed()
  File "/Users/ritvikasonawane/miniconda3/envs/flowerfl/lib/python3.10/site-packages/flwr/server/superlink/fleet/grpc_bidi/grpc_bridge.py", line 82, in _raise_if_closed
    raise GrpcBridgeClosed()
flwr.server.superlink.fleet.grpc_bidi.grpc_bridge.GrpcBridgeClosed
2025-02-13 15:28:02,121 - INFO - configure_evaluate: strategy sampled 2 clients (out of 2)
2025-02-13 15:28:02,131 - INFO - aggregate_evaluate: received 2 results and 0 failures
2025-02-13 15:28:02,131 - INFO - 
2025-02-13 15:28:02,131 - INFO - [ROUND 2]
2025-02-13 15:28:02,132 - INFO - configure_fit: strategy sampled 2 clients (out of 2)
2025-02-13 15:28:02,139 - INFO - aggregate_fit: received 0 results and 2 failures
2025-02-13 15:30:50,927 - INFO - configure_evaluate: strategy sampled 2 clients (out of 2)
2025-02-13 15:30:50,950 - INFO - aggregate_evaluate: received 0 results and 2 failures
2025-02-13 15:30:50,950 - INFO - 
2025-02-13 15:30:50,950 - INFO - [ROUND 3]
2025-02-13 15:30:50,950 - INFO - configure_fit: strategy sampled 2 clients (out of 2)
2025-02-13 15:30:50,955 - INFO - aggregate_fit: received 0 results and 2 failures
2025-02-13 15:30:50,956 - INFO - configure_evaluate: strategy sampled 2 clients (out of 2)
2025-02-13 15:30:50,960 - INFO - aggregate_evaluate: received 0 results and 2 failures
2025-02-13 15:30:50,960 - INFO - 
2025-02-13 15:30:50,960 - INFO - [SUMMARY]
2025-02-13 15:30:50,960 - INFO - Run finished 3 round(s) in 217.95s
2025-02-13 15:30:50,962 - INFO - 	History (loss, distributed):
2025-02-13 15:30:50,963 - INFO - 		round 1: 0.0
2025-02-13 15:30:50,963 - INFO - 	History (metrics, distributed, evaluate):
2025-02-13 15:30:50,963 - INFO - 	{'accuracy': [(1, 0.0)]}
2025-02-13 15:30:50,963 - INFO - 
