2025-04-06 18:23:20,747 - INFO - Starting Flower server with arguments: Namespace(server_address='0.0.0.0:8080', rounds=3, local_ep=1, sample_fraction=0.2, min_num_clients=2)
2025-04-06 18:23:20,747 - WARNING - DEPRECATED FEATURE: flwr.server.start_server() is deprecated.
	Instead, use the `flower-superlink` CLI command to start a SuperLink as shown below:

		$ flower-superlink --insecure

	To view usage and all available options, run:

		$ flower-superlink --help

	Using `start_server()` is deprecated.

            This is a deprecated feature. It will be removed
            entirely in future versions of Flower.
        
2025-04-06 18:23:20,747 - INFO - Starting Flower server, config: num_rounds=3, no round_timeout
2025-04-06 18:23:20,755 - INFO - Flower ECE: gRPC server running (3 rounds), SSL is disabled
2025-04-06 18:23:20,756 - INFO - [INIT]
2025-04-06 18:23:20,756 - INFO - Requesting initial parameters from one random client
2025-04-06 18:23:31,106 - INFO - Received initial parameters from one random client
2025-04-06 18:23:31,106 - INFO - Starting evaluation of initial global parameters
2025-04-06 18:23:31,106 - INFO - Evaluation returned no results (`None`)
2025-04-06 18:23:31,107 - INFO - 
2025-04-06 18:23:31,107 - INFO - [ROUND 1]
2025-04-06 18:23:31,537 - INFO - configure_fit: strategy sampled 2 clients (out of 2)
2025-04-06 18:23:33,679 - INFO - aggregate_fit: received 2 results and 0 failures
2025-04-06 18:23:33,681 - WARNING - No fit_metrics_aggregation_fn provided
2025-04-06 18:23:33,681 - INFO - configure_evaluate: strategy sampled 2 clients (out of 2)
2025-04-06 18:23:34,362 - INFO - aggregate_evaluate: received 2 results and 0 failures
2025-04-06 18:23:34,362 - INFO - 
2025-04-06 18:23:34,362 - INFO - [ROUND 2]
2025-04-06 18:23:34,362 - INFO - configure_fit: strategy sampled 2 clients (out of 2)
2025-04-06 18:23:36,476 - INFO - aggregate_fit: received 2 results and 0 failures
2025-04-06 18:23:36,477 - INFO - configure_evaluate: strategy sampled 2 clients (out of 2)
2025-04-06 18:23:37,098 - INFO - aggregate_evaluate: received 1 results and 1 failures
2025-04-06 18:23:37,098 - INFO - 
2025-04-06 18:23:37,098 - INFO - [ROUND 3]
2025-04-06 18:23:46,491 - INFO - Flower server terminated gracefully.
2025-04-06 18:23:47,092 - ERROR - Exception iterating responses: 
Traceback (most recent call last):
  File "/Users/ritvikasonawane/miniconda3/envs/flowerfl/lib/python3.10/site-packages/grpc/_server.py", line 654, in _take_response_from_response_iterator
    return next(response_iterator), True
  File "/Users/ritvikasonawane/miniconda3/envs/flowerfl/lib/python3.10/site-packages/flwr/server/superlink/fleet/grpc_bidi/flower_service_servicer.py", line 119, in Join
    ins_wrapper: InsWrapper = next(ins_wrapper_iterator)
  File "/Users/ritvikasonawane/miniconda3/envs/flowerfl/lib/python3.10/site-packages/flwr/server/superlink/fleet/grpc_bidi/grpc_bridge.py", line 166, in ins_wrapper_iterator
    self._raise_if_closed()
  File "/Users/ritvikasonawane/miniconda3/envs/flowerfl/lib/python3.10/site-packages/flwr/server/superlink/fleet/grpc_bidi/grpc_bridge.py", line 82, in _raise_if_closed
    raise GrpcBridgeClosed()
flwr.server.superlink.fleet.grpc_bidi.grpc_bridge.GrpcBridgeClosed
