2025-02-20 03:44:39,176 - INFO - Starting Flower server with arguments: Namespace(server_address='0.0.0.0:8080', rounds=3, sample_fraction=1.0, min_num_clients=2)
2025-02-20 03:44:39,176 - WARNING - DEPRECATED FEATURE: flwr.server.start_server() is deprecated.
	Instead, use the `flower-superlink` CLI command to start a SuperLink as shown below:

		$ flower-superlink --insecure

	To view usage and all available options, run:

		$ flower-superlink --help

	Using `start_server()` is deprecated.

            This is a deprecated feature. It will be removed
            entirely in future versions of Flower.
        
2025-02-20 03:44:39,177 - INFO - Starting Flower server, config: num_rounds=3, no round_timeout
2025-02-20 03:44:39,188 - INFO - Flower ECE: gRPC server running (3 rounds), SSL is disabled
2025-02-20 03:44:39,188 - INFO - [INIT]
2025-02-20 03:44:39,188 - INFO - Requesting initial parameters from one random client
2025-02-20 03:44:53,443 - INFO - Received initial parameters from one random client
2025-02-20 03:44:53,443 - INFO - Starting evaluation of initial global parameters
2025-02-20 03:44:53,443 - INFO - Evaluation returned no results (`None`)
2025-02-20 03:44:53,443 - INFO - 
2025-02-20 03:44:53,443 - INFO - [ROUND 1]
2025-02-20 03:44:54,289 - INFO - configure_fit: strategy sampled 2 clients (out of 2)
2025-02-20 04:12:39,538 - INFO - aggregate_fit: received 2 results and 0 failures
2025-02-20 04:12:39,573 - WARNING - No fit_metrics_aggregation_fn provided
2025-02-20 04:12:39,575 - INFO - configure_evaluate: strategy sampled 5 clients (out of 5)
2025-02-20 04:12:39,732 - INFO - aggregate_evaluate: received 0 results and 5 failures
2025-02-20 04:12:39,732 - INFO - 
2025-02-20 04:12:39,732 - INFO - [ROUND 2]
2025-02-20 04:12:39,732 - INFO - configure_fit: strategy sampled 5 clients (out of 5)
2025-02-20 04:15:41,315 - INFO - aggregate_fit: received 0 results and 5 failures
2025-02-20 04:15:48,483 - INFO - Flower server terminated gracefully.
