2025-04-06 18:21:27,356 - INFO - Starting Flower server with arguments: Namespace(server_address='0.0.0.0:8080', rounds=3, local_ep=1, sample_fraction=0.2, min_num_clients=2)
2025-04-06 18:21:27,357 - WARNING - DEPRECATED FEATURE: flwr.server.start_server() is deprecated.
	Instead, use the `flower-superlink` CLI command to start a SuperLink as shown below:

		$ flower-superlink --insecure

	To view usage and all available options, run:

		$ flower-superlink --help

	Using `start_server()` is deprecated.

            This is a deprecated feature. It will be removed
            entirely in future versions of Flower.
        
2025-04-06 18:21:27,357 - INFO - Starting Flower server, config: num_rounds=3, no round_timeout
2025-04-06 18:21:27,365 - INFO - Flower ECE: gRPC server running (3 rounds), SSL is disabled
2025-04-06 18:21:27,366 - INFO - [INIT]
2025-04-06 18:21:27,366 - INFO - Requesting initial parameters from one random client
2025-04-06 18:21:42,421 - INFO - Received initial parameters from one random client
2025-04-06 18:21:42,421 - INFO - Starting evaluation of initial global parameters
2025-04-06 18:21:42,421 - INFO - Evaluation returned no results (`None`)
2025-04-06 18:21:42,421 - INFO - 
2025-04-06 18:21:42,421 - INFO - [ROUND 1]
2025-04-06 18:21:43,434 - INFO - configure_fit: strategy sampled 2 clients (out of 2)
2025-04-06 18:21:43,459 - INFO - aggregate_fit: received 0 results and 2 failures
2025-04-06 18:22:32,276 - INFO - configure_evaluate: strategy sampled 2 clients (out of 2)
2025-04-06 18:22:32,305 - INFO - aggregate_evaluate: received 0 results and 2 failures
2025-04-06 18:22:32,306 - INFO - 
2025-04-06 18:22:32,306 - INFO - [ROUND 2]
2025-04-06 18:23:13,125 - INFO - configure_fit: strategy sampled 2 clients (out of 2)
2025-04-06 18:23:13,132 - INFO - aggregate_fit: received 0 results and 2 failures
2025-04-06 18:23:19,521 - INFO - Flower server terminated gracefully.
