2025-04-06 18:38:30,182 - INFO - Starting Flower server with arguments: Namespace(server_address='0.0.0.0:8080', rounds=3, local_ep=1, sample_fraction=0.2, min_num_clients=2)
2025-04-06 18:38:30,182 - WARNING - DEPRECATED FEATURE: flwr.server.start_server() is deprecated.
	Instead, use the `flower-superlink` CLI command to start a SuperLink as shown below:

		$ flower-superlink --insecure

	To view usage and all available options, run:

		$ flower-superlink --help

	Using `start_server()` is deprecated.

            This is a deprecated feature. It will be removed
            entirely in future versions of Flower.
        
2025-04-06 18:38:30,182 - INFO - Starting Flower server, config: num_rounds=3, no round_timeout
2025-04-06 18:38:30,191 - INFO - Flower ECE: gRPC server running (3 rounds), SSL is disabled
2025-04-06 18:38:30,192 - INFO - [INIT]
2025-04-06 18:38:30,212 - INFO - Requesting initial parameters from one random client
2025-04-06 18:38:42,912 - INFO - Received initial parameters from one random client
2025-04-06 18:38:42,912 - INFO - Starting evaluation of initial global parameters
2025-04-06 18:38:42,912 - INFO - Evaluation returned no results (`None`)
2025-04-06 18:38:42,912 - INFO - 
2025-04-06 18:38:42,912 - INFO - [ROUND 1]
2025-04-06 18:38:43,632 - INFO - configure_fit: strategy sampled 2 clients (out of 2)
2025-04-06 18:38:43,655 - INFO - aggregate_fit: received 0 results and 2 failures
2025-04-06 18:39:34,781 - INFO - configure_evaluate: strategy sampled 2 clients (out of 2)
2025-04-06 18:39:35,436 - INFO - aggregate_evaluate: received 1 results and 1 failures
2025-04-06 18:39:35,436 - INFO - 
2025-04-06 18:39:35,436 - INFO - [ROUND 2]
2025-04-06 18:39:42,642 - ERROR - Exception iterating responses: 
Traceback (most recent call last):
  File "/Users/ritvikasonawane/miniconda3/envs/flowerfl/lib/python3.10/site-packages/grpc/_server.py", line 654, in _take_response_from_response_iterator
    return next(response_iterator), True
  File "/Users/ritvikasonawane/miniconda3/envs/flowerfl/lib/python3.10/site-packages/flwr/server/superlink/fleet/grpc_bidi/flower_service_servicer.py", line 119, in Join
    ins_wrapper: InsWrapper = next(ins_wrapper_iterator)
  File "/Users/ritvikasonawane/miniconda3/envs/flowerfl/lib/python3.10/site-packages/flwr/server/superlink/fleet/grpc_bidi/grpc_bridge.py", line 166, in ins_wrapper_iterator
    self._raise_if_closed()
  File "/Users/ritvikasonawane/miniconda3/envs/flowerfl/lib/python3.10/site-packages/flwr/server/superlink/fleet/grpc_bidi/grpc_bridge.py", line 82, in _raise_if_closed
    raise GrpcBridgeClosed()
flwr.server.superlink.fleet.grpc_bidi.grpc_bridge.GrpcBridgeClosed
2025-04-06 18:40:18,718 - INFO - configure_fit: strategy sampled 2 clients (out of 2)
2025-04-06 18:40:20,251 - INFO - aggregate_fit: received 2 results and 0 failures
2025-04-06 18:40:20,253 - INFO - configure_evaluate: strategy sampled 2 clients (out of 2)
2025-04-06 18:40:21,086 - INFO - aggregate_evaluate: received 2 results and 0 failures
2025-04-06 18:40:21,087 - INFO - 
2025-04-06 18:40:21,087 - INFO - [ROUND 3]
2025-04-06 18:40:21,087 - INFO - configure_fit: strategy sampled 2 clients (out of 2)
2025-04-06 18:40:22,701 - INFO - aggregate_fit: received 2 results and 0 failures
2025-04-06 18:40:22,703 - INFO - configure_evaluate: strategy sampled 2 clients (out of 2)
2025-04-06 18:40:23,594 - INFO - aggregate_evaluate: received 2 results and 0 failures
2025-04-06 18:40:23,594 - INFO - 
2025-04-06 18:40:23,594 - INFO - [SUMMARY]
2025-04-06 18:40:23,594 - INFO - Run finished 3 round(s) in 100.68s
2025-04-06 18:40:23,594 - INFO - 	History (loss, distributed):
2025-04-06 18:40:23,594 - INFO - 		round 1: 34.6213493347168
2025-04-06 18:40:23,594 - INFO - 		round 2: 3.8623377084732056
2025-04-06 18:40:23,594 - INFO - 		round 3: 1.8463308811187744
2025-04-06 18:40:23,594 - INFO - 	History (metrics, distributed, evaluate):
2025-04-06 18:40:23,594 - INFO - 	{'accuracy': [(1, 0.09111111111111111), (2, 0.9333333333333333), (3, 0.96)]}
2025-04-06 18:40:23,594 - INFO - 
