2025-04-06 16:48:36,465 - INFO - Starting Flower server with arguments: Namespace(server_address='0.0.0.0:8080', rounds=3, sample_fraction=1.0, min_num_clients=2)
2025-04-06 16:48:36,465 - WARNING - DEPRECATED FEATURE: flwr.server.start_server() is deprecated.
	Instead, use the `flower-superlink` CLI command to start a SuperLink as shown below:

		$ flower-superlink --insecure

	To view usage and all available options, run:

		$ flower-superlink --help

	Using `start_server()` is deprecated.

            This is a deprecated feature. It will be removed
            entirely in future versions of Flower.
        
2025-04-06 16:48:36,465 - INFO - Starting Flower server, config: num_rounds=3, no round_timeout
2025-04-06 16:48:36,497 - INFO - Flower ECE: gRPC server running (3 rounds), SSL is disabled
2025-04-06 16:48:36,497 - INFO - [INIT]
2025-04-06 16:48:36,497 - INFO - Requesting initial parameters from one random client
2025-04-06 16:48:51,157 - INFO - Received initial parameters from one random client
2025-04-06 16:48:51,158 - INFO - Starting evaluation of initial global parameters
2025-04-06 16:48:51,158 - INFO - Evaluation returned no results (`None`)
2025-04-06 16:48:51,158 - INFO - 
2025-04-06 16:48:51,158 - INFO - [ROUND 1]
2025-04-06 16:48:53,248 - INFO - configure_fit: strategy sampled 2 clients (out of 2)
2025-04-06 16:48:57,115 - INFO - aggregate_fit: received 0 results and 2 failures
2025-04-06 16:48:57,839 - INFO - configure_evaluate: strategy sampled 2 clients (out of 2)
2025-04-06 16:49:02,255 - INFO - aggregate_evaluate: received 0 results and 2 failures
2025-04-06 16:49:02,255 - INFO - 
2025-04-06 16:49:02,255 - INFO - [ROUND 2]
2025-04-06 16:50:12,078 - ERROR - Exception iterating responses: 
Traceback (most recent call last):
  File "/Users/ritvikasonawane/miniconda3/envs/flowerfl/lib/python3.10/site-packages/grpc/_server.py", line 654, in _take_response_from_response_iterator
    return next(response_iterator), True
  File "/Users/ritvikasonawane/miniconda3/envs/flowerfl/lib/python3.10/site-packages/flwr/server/superlink/fleet/grpc_bidi/flower_service_servicer.py", line 119, in Join
    ins_wrapper: InsWrapper = next(ins_wrapper_iterator)
  File "/Users/ritvikasonawane/miniconda3/envs/flowerfl/lib/python3.10/site-packages/flwr/server/superlink/fleet/grpc_bidi/grpc_bridge.py", line 166, in ins_wrapper_iterator
    self._raise_if_closed()
  File "/Users/ritvikasonawane/miniconda3/envs/flowerfl/lib/python3.10/site-packages/flwr/server/superlink/fleet/grpc_bidi/grpc_bridge.py", line 82, in _raise_if_closed
    raise GrpcBridgeClosed()
flwr.server.superlink.fleet.grpc_bidi.grpc_bridge.GrpcBridgeClosed
2025-04-06 16:52:51,692 - INFO - configure_fit: strategy sampled 2 clients (out of 2)
2025-04-06 16:52:55,829 - INFO - aggregate_fit: received 0 results and 2 failures
2025-04-06 16:52:56,166 - INFO - configure_evaluate: strategy sampled 2 clients (out of 2)
2025-04-06 16:53:04,151 - INFO - aggregate_evaluate: received 0 results and 2 failures
2025-04-06 16:53:04,152 - INFO - 
2025-04-06 16:53:04,152 - INFO - [ROUND 3]
2025-04-06 16:53:30,065 - ERROR - Exception iterating responses: 
Traceback (most recent call last):
  File "/Users/ritvikasonawane/miniconda3/envs/flowerfl/lib/python3.10/site-packages/grpc/_server.py", line 654, in _take_response_from_response_iterator
    return next(response_iterator), True
  File "/Users/ritvikasonawane/miniconda3/envs/flowerfl/lib/python3.10/site-packages/flwr/server/superlink/fleet/grpc_bidi/flower_service_servicer.py", line 119, in Join
    ins_wrapper: InsWrapper = next(ins_wrapper_iterator)
  File "/Users/ritvikasonawane/miniconda3/envs/flowerfl/lib/python3.10/site-packages/flwr/server/superlink/fleet/grpc_bidi/grpc_bridge.py", line 166, in ins_wrapper_iterator
    self._raise_if_closed()
  File "/Users/ritvikasonawane/miniconda3/envs/flowerfl/lib/python3.10/site-packages/flwr/server/superlink/fleet/grpc_bidi/grpc_bridge.py", line 82, in _raise_if_closed
    raise GrpcBridgeClosed()
flwr.server.superlink.fleet.grpc_bidi.grpc_bridge.GrpcBridgeClosed
2025-04-06 16:53:45,824 - INFO - configure_fit: strategy sampled 2 clients (out of 2)
2025-04-06 16:53:50,533 - INFO - aggregate_fit: received 0 results and 2 failures
2025-04-06 16:53:50,974 - INFO - configure_evaluate: strategy sampled 2 clients (out of 2)
2025-04-06 16:54:02,825 - INFO - aggregate_evaluate: received 0 results and 2 failures
2025-04-06 16:54:02,826 - INFO - 
2025-04-06 16:54:02,826 - INFO - [SUMMARY]
2025-04-06 16:54:02,826 - INFO - Run finished 3 round(s) in 311.67s
2025-04-06 16:54:02,826 - INFO - 
