2025-04-06 17:49:17,665 - INFO - Starting Flower server with arguments: Namespace(server_address='0.0.0.0:8080', rounds=10, local_ep=1, sample_fraction=0.2, min_num_clients=2)
2025-04-06 17:49:17,665 - WARNING - DEPRECATED FEATURE: flwr.server.start_server() is deprecated.
	Instead, use the `flower-superlink` CLI command to start a SuperLink as shown below:

		$ flower-superlink --insecure

	To view usage and all available options, run:

		$ flower-superlink --help

	Using `start_server()` is deprecated.

            This is a deprecated feature. It will be removed
            entirely in future versions of Flower.
        
2025-04-06 17:49:17,665 - INFO - Starting Flower server, config: num_rounds=10, no round_timeout
2025-04-06 17:49:17,674 - INFO - Flower ECE: gRPC server running (10 rounds), SSL is disabled
2025-04-06 17:49:17,674 - INFO - [INIT]
2025-04-06 17:49:17,674 - INFO - Requesting initial parameters from one random client
2025-04-06 17:49:35,323 - INFO - Received initial parameters from one random client
2025-04-06 17:49:35,323 - INFO - Starting evaluation of initial global parameters
2025-04-06 17:49:35,323 - INFO - Evaluation returned no results (`None`)
2025-04-06 17:49:35,323 - INFO - 
2025-04-06 17:49:35,323 - INFO - [ROUND 1]
2025-04-06 17:49:35,837 - INFO - configure_fit: strategy sampled 2 clients (out of 2)
2025-04-06 17:49:37,897 - INFO - aggregate_fit: received 2 results and 0 failures
2025-04-06 17:49:37,899 - WARNING - No fit_metrics_aggregation_fn provided
2025-04-06 17:49:37,899 - INFO - configure_evaluate: strategy sampled 2 clients (out of 2)
2025-04-06 17:49:38,675 - INFO - aggregate_evaluate: received 2 results and 0 failures
2025-04-06 17:49:38,675 - INFO - 
2025-04-06 17:49:38,675 - INFO - [ROUND 2]
2025-04-06 17:49:38,676 - INFO - configure_fit: strategy sampled 2 clients (out of 2)
2025-04-06 17:49:39,470 - INFO - aggregate_fit: received 0 results and 2 failures
2025-04-06 17:49:43,491 - INFO - Flower server terminated gracefully.
