2025-02-13 15:50:04,202 - INFO - Starting Flower server with arguments: Namespace(server_address='0.0.0.0:8080', rounds=3, sample_fraction=1.0, min_num_clients=2)
2025-02-13 15:50:04,202 - WARNING - DEPRECATED FEATURE: flwr.server.start_server() is deprecated.
	Instead, use the `flower-superlink` CLI command to start a SuperLink as shown below:

		$ flower-superlink --insecure

	To view usage and all available options, run:

		$ flower-superlink --help

	Using `start_server()` is deprecated.

            This is a deprecated feature. It will be removed
            entirely in future versions of Flower.
        
2025-02-13 15:50:04,203 - INFO - Starting Flower server, config: num_rounds=3, no round_timeout
2025-02-13 15:50:04,213 - INFO - Flower ECE: gRPC server running (3 rounds), SSL is disabled
2025-02-13 15:50:04,213 - INFO - [INIT]
2025-02-13 15:50:04,213 - INFO - Requesting initial parameters from one random client
2025-02-13 15:50:16,753 - INFO - Received initial parameters from one random client
2025-02-13 15:50:16,753 - INFO - Starting evaluation of initial global parameters
2025-02-13 15:50:16,753 - INFO - Evaluation returned no results (`None`)
2025-02-13 15:50:16,753 - INFO - 
2025-02-13 15:50:16,754 - INFO - [ROUND 1]
2025-02-13 15:50:16,754 - INFO - configure_fit: strategy sampled 2 clients (out of 2)
2025-02-13 15:52:07,831 - INFO - aggregate_fit: received 0 results and 2 failures
2025-02-13 15:54:01,903 - INFO - Flower server terminated gracefully.
