2025-03-06 16:09:09,161 - INFO - Starting Flower server with arguments: Namespace(server_address='0.0.0.0:8080', rounds=3, sample_fraction=1.0, min_num_clients=2)
2025-03-06 16:09:09,161 - WARNING - DEPRECATED FEATURE: flwr.server.start_server() is deprecated.
	Instead, use the `flower-superlink` CLI command to start a SuperLink as shown below:

		$ flower-superlink --insecure

	To view usage and all available options, run:

		$ flower-superlink --help

	Using `start_server()` is deprecated.

            This is a deprecated feature. It will be removed
            entirely in future versions of Flower.
        
2025-03-06 16:09:09,162 - INFO - Starting Flower server, config: num_rounds=3, no round_timeout
2025-03-06 16:09:09,174 - INFO - Flower ECE: gRPC server running (3 rounds), SSL is disabled
2025-03-06 16:09:09,174 - INFO - [INIT]
2025-03-06 16:09:09,174 - INFO - Requesting initial parameters from one random client
2025-03-06 16:17:18,518 - INFO - Received initial parameters from one random client
2025-03-06 16:17:18,519 - INFO - Starting evaluation of initial global parameters
2025-03-06 16:17:18,519 - INFO - Evaluation returned no results (`None`)
2025-03-06 16:17:18,519 - INFO - 
2025-03-06 16:17:18,519 - INFO - [ROUND 1]
2025-03-06 16:18:22,238 - INFO - configure_fit: strategy sampled 2 clients (out of 2)
2025-03-06 16:32:15,352 - INFO - aggregate_fit: received 0 results and 2 failures
